<?xml version="1.0" encoding="UTF-8"?>
<!-- Generated by org.testng.reporters.JUnitXMLReporter -->
<testsuite ignored="3" hostname="APL-5CD145MPTK" failures="0" tests="1" name="Default test" time="32.945" errors="0" timestamp="2022-05-06T00:33:05 IST">
  <testcase classname="Academy.E2EProject.MainTest" name="bsestock" time="21.817"/>
  <testcase classname="Academy.E2EProject.MainTest" name="shopping" time="0.0">
    <ignored/>
  </testcase> <!-- shopping -->
  <testcase classname="Academy.E2EProject.MainTest" name="bookingflightticket" time="0.0">
    <ignored/>
  </testcase> <!-- bookingflightticket -->
  <testcase classname="Academy.E2EProject.MainTest" name="validatinglogindetails" time="0.0">
    <ignored/>
  </testcase> <!-- validatinglogindetails -->
</testsuite> <!-- Default test -->
