<?xml version="1.0" encoding="UTF-8"?>
<!-- Generated by org.testng.reporters.JUnitXMLReporter -->
<testsuite ignored="0" hostname="APL-5CD145MPTK" failures="1" tests="4" name="validating login details and booking a ticket" time="76.292" errors="0" timestamp="2022-05-06T09:17:10 IST">
  <testcase classname="Academy.E2EProject.MainTest" name="validatinglogindetails" time="11.01">
    <failure type="java.lang.AssertionError" message="expected [Login Details are correct] but found [Please enter valid Email ID/Mobile number]">
      <![CDATA[java.lang.AssertionError: expected [Login Details are correct] but found [Please enter valid Email ID/Mobile number]
at Academy.E2EProject.MainTest.validatinglogindetails(MainTest.java:59)
at java.base/java.util.ArrayList.forEach(ArrayList.java:1511)
... Removed 33 stack frames]]>
    </failure>
  </testcase> <!-- validatinglogindetails -->
  <testcase classname="Academy.E2EProject.MainTest" name="bookingflightticket" time="25.472"/>
  <testcase classname="Academy.E2EProject.MainTest" name="shopping" time="24.948"/>
  <testcase classname="Academy.E2EProject.MainTest" name="bsestock" time="5.599"/>
</testsuite> <!-- validating login details and booking a ticket -->
